[    0.000000] Initializing cgroup subsys cpuset
[    0.000000] Initializing cgroup subsys cpu
[    0.000000] Initializing cgroup subsys cpuacct
[    0.000000] Linux version 4.4.0-97-generic (buildd@lcy01-33) (gcc version 5.4.0 20160609 (Ubuntu 5.4.0-6ubuntu1~16.04.4) ) #120-Ubuntu SMP Tue Sep 19 17:28:18 UTC 2017 (Ubuntu 4.4.0-97.120-generic 4.4.87)
[    0.000000] Command line: BOOT_IMAGE=/boot/vmlinuz-4.4.0-97-generic root=LABEL=cloudimg-rootfs ro console=tty1 console=ttyS0
[    0.000000] KERNEL supported cpus:
[    0.000000]   Intel GenuineIntel
[    0.000000]   AMD AuthenticAMD
[    0.000000]   Centaur CentaurHauls
[    0.000000] x86/fpu: xstate_offset[2]:  576, xstate_sizes[2]:  256
[    0.000000] x86/fpu: Supporting XSAVE feature 0x01: 'x87 floating point registers'
[    0.000000] x86/fpu: Supporting XSAVE feature 0x02: 'SSE registers'
[    0.000000] x86/fpu: Supporting XSAVE feature 0x04: 'AVX registers'
[    0.000000] x86/fpu: Enabled xstate features 0x7, context size is 832 bytes, using 'standard' format.
[    0.000000] x86/fpu: Using 'lazy' FPU context switches.
[    0.000000] e820: BIOS-provided physical RAM map:
[    0.000000] BIOS-e820: [mem 0x0000000000000000-0x000000000009fbff] usable
[    0.000000] BIOS-e820: [mem 0x000000000009fc00-0x000000000009ffff] reserved
[    0.000000] BIOS-e820: [mem 0x00000000000f0000-0x00000000000fffff] reserved
[    0.000000] BIOS-e820: [mem 0x0000000000100000-0x000000003ffeffff] usable
[    0.000000] BIOS-e820: [mem 0x000000003fff0000-0x000000003fffffff] ACPI data
[    0.000000] BIOS-e820: [mem 0x00000000fec00000-0x00000000fec00fff] reserved
[    0.000000] BIOS-e820: [mem 0x00000000fee00000-0x00000000fee00fff] reserved
[    0.000000] BIOS-e820: [mem 0x00000000fffc0000-0x00000000ffffffff] reserved
[    0.000000] NX (Execute Disable) protection: active
[    0.000000] SMBIOS 2.5 present.
[    0.000000] Hypervisor detected: KVM
[    0.000000] e820: last_pfn = 0x3fff0 max_arch_pfn = 0x400000000
[    0.000000] MTRR: Disabled
[    0.000000] x86/PAT: MTRRs disabled, skipping PAT initialization too.
[    0.000000] CPU MTRRs all blank - virtualized system.
[    0.000000] x86/PAT: Configuration [0-7]: WB  WT  UC- UC  WB  WT  UC- UC  
[    0.000000] found SMP MP-table at [mem 0x0009fff0-0x0009ffff] mapped at [ffff88000009fff0]
[    0.000000] Scanning 1 areas for low memory corruption
[    0.000000] RAMDISK: [mem 0x36adc000-0x37565fff]
[    0.000000] ACPI: Early table checksum verification disabled
[    0.000000] ACPI: RSDP 0x00000000000E0000 000024 (v02 VBOX  )
[    0.000000] ACPI: XSDT 0x000000003FFF0030 00003C (v01 VBOX   VBOXXSDT 00000001 ASL  00000061)
[    0.000000] ACPI: FACP 0x000000003FFF00F0 0000F4 (v04 VBOX   VBOXFACP 00000001 ASL  00000061)
[    0.000000] ACPI: DSDT 0x000000003FFF0470 0021FF (v02 VBOX   VBOXBIOS 00000002 INTL 20100528)
[    0.000000] ACPI: FACS 0x000000003FFF0200 000040
[    0.000000] ACPI: FACS 0x000000003FFF0200 000040
[    0.000000] ACPI: APIC 0x000000003FFF0240 00005C (v02 VBOX   VBOXAPIC 00000001 ASL  00000061)
[    0.000000] ACPI: SSDT 0x000000003FFF02A0 0001CC (v01 VBOX   VBOXCPUT 00000002 INTL 20100528)
[    0.000000] No NUMA configuration found
[    0.000000] Faking a node at [mem 0x0000000000000000-0x000000003ffeffff]
[    0.000000] NODE_DATA(0) allocated [mem 0x3ffeb000-0x3ffeffff]
[    0.000000] kvm-clock: Using msrs 4b564d01 and 4b564d00
[    0.000000] kvm-clock: cpu 0, msr 0:3ffe3001, primary cpu clock
[    0.000000] kvm-clock: using sched offset of 3534664510 cycles
[    0.000000] clocksource: kvm-clock: mask: 0xffffffffffffffff max_cycles: 0x1cd42e4dffb, max_idle_ns: 881590591483 ns
[    0.000000] Zone ranges:
[    0.000000]   DMA      [mem 0x0000000000001000-0x0000000000ffffff]
[    0.000000]   DMA32    [mem 0x0000000001000000-0x000000003ffeffff]
[    0.000000]   Normal   empty
[    0.000000]   Device   empty
[    0.000000] Movable zone start for each node
[    0.000000] Early memory node ranges
[    0.000000]   node   0: [mem 0x0000000000001000-0x000000000009efff]
[    0.000000]   node   0: [mem 0x0000000000100000-0x000000003ffeffff]
[    0.000000] Initmem setup node 0 [mem 0x0000000000001000-0x000000003ffeffff]
[    0.000000] ACPI: PM-Timer IO Port: 0x4008
[    0.000000] IOAPIC[0]: apic_id 2, version 32, address 0xfec00000, GSI 0-23
[    0.000000] ACPI: INT_SRC_OVR (bus 0 bus_irq 0 global_irq 2 dfl dfl)
[    0.000000] ACPI: INT_SRC_OVR (bus 0 bus_irq 9 global_irq 9 high level)
[    0.000000] Using ACPI (MADT) for SMP configuration information
[    0.000000] smpboot: Allowing 2 CPUs, 0 hotplug CPUs
[    0.000000] PM: Registered nosave memory: [mem 0x00000000-0x00000fff]
[    0.000000] PM: Registered nosave memory: [mem 0x0009f000-0x0009ffff]
[    0.000000] PM: Registered nosave memory: [mem 0x000a0000-0x000effff]
[    0.000000] PM: Registered nosave memory: [mem 0x000f0000-0x000fffff]
[    0.000000] e820: [mem 0x40000000-0xfebfffff] available for PCI devices
[    0.000000] Booting paravirtualized kernel on KVM
[    0.000000] clocksource: refined-jiffies: mask: 0xffffffff max_cycles: 0xffffffff, max_idle_ns: 7645519600211568 ns
[    0.000000] setup_percpu: NR_CPUS:512 nr_cpumask_bits:512 nr_cpu_ids:2 nr_node_ids:1
[    0.000000] PERCPU: Embedded 34 pages/cpu @ffff88003fc00000 s98328 r8192 d32744 u1048576
[    0.000000] PV qspinlock hash table entries: 256 (order: 0, 4096 bytes)
[    0.000000] Built 1 zonelists in Node order, mobility grouping on.  Total pages: 257913
[    0.000000] Policy zone: DMA32
[    0.000000] Kernel command line: BOOT_IMAGE=/boot/vmlinuz-4.4.0-97-generic root=LABEL=cloudimg-rootfs ro console=tty1 console=ttyS0
[    0.000000] PID hash table entries: 4096 (order: 3, 32768 bytes)
[    0.000000] Memory: 1001772K/1048120K available (8480K kernel code, 1294K rwdata, 3984K rodata, 1492K init, 1316K bss, 46348K reserved, 0K cma-reserved)
[    0.000000] SLUB: HWalign=64, Order=0-3, MinObjects=0, CPUs=2, Nodes=1
[    0.000000] Hierarchical RCU implementation.
[    0.000000] 	Build-time adjustment of leaf fanout to 64.
[    0.000000] 	RCU restricting CPUs from NR_CPUS=512 to nr_cpu_ids=2.
[    0.000000] RCU: Adjusting geometry for rcu_fanout_leaf=64, nr_cpu_ids=2
[    0.000000] NR_IRQS:33024 nr_irqs:440 16
[    0.000000] Console: colour VGA+ 80x25
[    0.000000] console [tty1] enabled
[    0.000000] console [ttyS0] enabled
[    0.000000] tsc: Detected 2303.998 MHz processor
[    8.004278] Calibrating delay loop (skipped) preset value.. 4607.99 BogoMIPS (lpj=9215992)
[    8.015011] pid_max: default: 32768 minimum: 301
[    8.015873] ACPI: Core revision 20150930
[    8.052758] ACPI: 2 ACPI AML tables successfully acquired and loaded
[    8.131723] Security Framework initialized
[    8.188822] Yama: becoming mindful.
[    8.229019] AppArmor: AppArmor initialized
[    8.283479] Dentry cache hash table entries: 131072 (order: 8, 1048576 bytes)
[    8.387145] Inode-cache hash table entries: 65536 (order: 7, 524288 bytes)
[    8.482449] Mount-cache hash table entries: 2048 (order: 2, 16384 bytes)
[    8.558050] Mountpoint-cache hash table entries: 2048 (order: 2, 16384 bytes)
[    8.642085] Initializing cgroup subsys io
[    8.693506] Initializing cgroup subsys memory
[    8.704122] Initializing cgroup subsys devices
[    8.704934] Initializing cgroup subsys freezer
[    8.705741] Initializing cgroup subsys net_cls
[    8.706548] Initializing cgroup subsys perf_event
[    8.707390] Initializing cgroup subsys net_prio
[    8.708243] Initializing cgroup subsys hugetlb
[    8.749805] Initializing cgroup subsys pids
[    8.807456] CPU: Physical Processor ID: 0
[    8.865097] CPU: Processor Core ID: 0
[    8.903468] mce: CPU supports 0 MCE banks
[    8.904244] Last level iTLB entries: 4KB 64, 2MB 8, 4MB 8
[    8.905176] Last level dTLB entries: 4KB 64, 2MB 0, 4MB 0, 1GB 4
[    8.907772] Freeing SMP alternatives memory: 32K
[    8.974922] ftrace: allocating 32148 entries in 126 pages
[    9.008074] smpboot: APIC(0) Converting physical 0 to logical package 0
[    9.087478] smpboot: Max logical packages: 1
[    9.144408] x2apic enabled
[    9.177775] Switched APIC routing to physical x2apic.
[    9.245644] ..TIMER: vector=0x30 apic1=0 pin1=2 apic2=-1 pin2=-1
[    9.420444] smpboot: CPU0: Intel(R) Core(TM) i5-7360U CPU @ 2.30GHz (family: 0x6, model: 0x8e, stepping: 0x9)
[    9.548285] Performance Events: unsupported p6 CPU model 142 no PMU driver, software events only.
[    9.629136] KVM setup paravirtual spinlock
[    9.673346] x86: Booting SMP configuration:
[    9.728290] .... node  #0, CPUs:      #1
[    9.784829] kvm-clock: cpu 1, msr 0:3ffe3041, secondary cpu clock
[    9.787218] mce: CPU supports 0 MCE banks
[    9.789728] x86: Booted up 1 node, 2 CPUs
[    9.818619] smpboot: Total of 2 processors activated (9215.99 BogoMIPS)
[    9.835298] devtmpfs: initialized
[    9.837326] evm: security.selinux
[    9.837996] evm: security.SMACK64
[    9.838653] evm: security.SMACK64EXEC
[    9.839351] evm: security.SMACK64TRANSMUTE
[    9.840112] evm: security.SMACK64MMAP
[    9.854684] evm: security.ima
[    9.883327] evm: security.capability
[    9.916100] clocksource: jiffies: mask: 0xffffffff max_cycles: 0xffffffff, max_idle_ns: 7645041785100000 ns
[    9.992211] futex hash table entries: 512 (order: 3, 32768 bytes)
[   10.043076] pinctrl core: initialized pinctrl subsystem
[   10.082762] RTC time:  6:50:50, date: 10/26/17
[   10.121373] NET: Registered protocol family 16
[   10.174020] cpuidle: using governor ladder
[   10.221917] cpuidle: using governor menu
[   10.267341] PCCT header not found.
[   10.309219] ACPI: bus type PCI registered
[   10.342409] acpiphp: ACPI Hot Plug PCI Controller Driver version: 0.5
[   10.403288] PCI: Using configuration type 1 for base access
[   10.467323] ACPI: Added _OSI(Module Device)
[   10.507511] ACPI: Added _OSI(Processor Device)
[   10.551116] ACPI: Added _OSI(3.0 _SCP Extensions)
[   10.591331] ACPI: Added _OSI(Processor Aggregator Device)
[   10.644645] ACPI: Executed 1 blocks of module-level executable AML code
[   10.672554] ACPI: Interpreter enabled
[   10.707648] ACPI: (supports S0 S5)
[   10.725378] ACPI: Using IOAPIC for interrupt routing
[   10.778908] PCI: Using host bridge windows from ACPI; if necessary, use "pci=nocrs" and report a bug
[   10.863398] ACPI: PCI Root Bridge [PCI0] (domain 0000 [bus 00-ff])
[   10.913841] acpi PNP0A03:00: _OSC: OS supports [ASPM ClockPM Segments MSI]
[   10.964658] acpi PNP0A03:00: _OSC: not requesting OS control; OS requires [ExtendedConfig ASPM ClockPM MSI]
[   11.047045] acpi PNP0A03:00: fail to add MMCONFIG information, can't access extended PCI configuration space under this bridge.
[   11.140643] PCI host bridge to bus 0000:00
[   11.178636] pci_bus 0000:00: root bus resource [io  0x0000-0x0cf7 window]
[   11.233611] pci_bus 0000:00: root bus resource [io  0x0d00-0xffff window]
[   11.293809] pci_bus 0000:00: root bus resource [mem 0x000a0000-0x000bffff window]
[   11.358035] pci_bus 0000:00: root bus resource [mem 0x40000000-0xffdfffff window]
[   11.436780] pci_bus 0000:00: root bus resource [bus 00-ff]
[   11.489714] pci 0000:00:01.1: legacy IDE quirk: reg 0x10: [io  0x01f0-0x01f7]
[   11.542011] pci 0000:00:01.1: legacy IDE quirk: reg 0x14: [io  0x03f6]
[   11.543111] pci 0000:00:01.1: legacy IDE quirk: reg 0x18: [io  0x0170-0x0177]
[   11.544279] pci 0000:00:01.1: legacy IDE quirk: reg 0x1c: [io  0x0376]
[   11.556211] pci 0000:00:07.0: quirk: [io  0x4000-0x403f] claimed by PIIX4 ACPI
[   11.625263] pci 0000:00:07.0: quirk: [io  0x4100-0x410f] claimed by PIIX4 SMB
[   11.685549] ACPI: PCI Interrupt Link [LNKA] (IRQs 5 9 10 *11)
[   11.751684] ACPI: PCI Interrupt Link [LNKB] (IRQs 5 9 10 *11)
[   11.789258] ACPI: PCI Interrupt Link [LNKC] (IRQs 5 9 *10 11)
[   11.819428] ACPI: PCI Interrupt Link [LNKD] (IRQs 5 *9 10 11)
[   11.875818] ACPI: Enabled 2 GPEs in block 00 to 07
[   11.920262] vgaarb: setting as boot device: PCI:0000:00:02.0
[   11.973057] vgaarb: device added: PCI:0000:00:02.0,decodes=io+mem,owns=io+mem,locks=none
[   11.995530] vgaarb: loaded
[   12.013671] vgaarb: bridge control possible 0000:00:02.0
[   12.054475] SCSI subsystem initialized
[   12.088201] ACPI: bus type USB registered
[   12.112249] usbcore: registered new interface driver usbfs
[   12.171408] usbcore: registered new interface driver hub
[   12.219925] usbcore: registered new device driver usb
[   12.242561] PCI: Using ACPI for IRQ routing
[   12.252929] NetLabel: Initializing
[   12.283537] NetLabel:  domain hash size = 128
[   12.308192] NetLabel:  protocols = UNLABELED CIPSOv4
[   12.309095] NetLabel:  unlabeled traffic allowed by default
[   12.310148] amd_nb: Cannot enumerate AMD northbridges
[   12.311103] clocksource: Switched to clocksource kvm-clock
[   12.394277] AppArmor: AppArmor Filesystem Enabled
[   12.487874] pnp: PnP ACPI init
[   12.552701] pnp: PnP ACPI: found 3 devices
[   12.643356] clocksource: acpi_pm: mask: 0xffffff max_cycles: 0xffffff, max_idle_ns: 2085701024 ns
[   12.813606] NET: Registered protocol family 2
[   12.896556] TCP established hash table entries: 8192 (order: 4, 65536 bytes)
[   13.016779] TCP bind hash table entries: 8192 (order: 5, 131072 bytes)
[   13.154137] TCP: Hash tables configured (established 8192 bind 8192)
[   13.284510] UDP hash table entries: 512 (order: 2, 16384 bytes)
[   13.410835] UDP-Lite hash table entries: 512 (order: 2, 16384 bytes)
[   13.555821] NET: Registered protocol family 1
[   13.636781] pci 0000:00:00.0: Limiting direct PCI/PCI transfers
[   13.771478] pci 0000:00:01.0: Activating ISA DMA hang workarounds
[   13.894593] Unpacking initramfs...
[   15.374731] Freeing initrd memory: 10792K
[   15.417235] platform rtc_cmos: registered platform RTC device (no PNP device found)
[   15.470242] Scanning for low memory corruption every 60 seconds
[   15.471684] audit: initializing netlink subsys (disabled)
[   15.493522] audit: type=2000 audit(1509000649.449:1): initialized
[   15.504195] Initialise system trusted keyring
[   15.505263] HugeTLB registered 2 MB page size, pre-allocated 0 pages
[   15.570377] zbud: loaded
[   15.594972] VFS: Disk quotas dquot_6.6.0
[   15.608057] VFS: Dquot-cache hash table entries: 512 (order 0, 4096 bytes)
[   15.609379] squashfs: version 4.0 (2009/01/31) Phillip Lougher
[   15.618037] fuse init (API version 7.23)
[   15.633663] Key type big_key registered
[   15.634414] Allocating IMA MOK and blacklist keyrings.
[   15.649666] Key type asymmetric registered
[   15.661449] Asymmetric key parser 'x509' registered
[   15.662345] Block layer SCSI generic (bsg) driver version 0.4 loaded (major 249)
[   15.686615] io scheduler noop registered
[   15.688520] io scheduler deadline registered (default)
[   15.689448] io scheduler cfq registered
[   15.690248] pci_hotplug: PCI Hot Plug PCI Core version: 0.5
[   15.691217] pciehp: PCI Express Hot Plug Controller Driver version: 0.4
[   15.698010] ACPI: AC Adapter [AC] (on-line)
[   15.718319] input: Power Button as /devices/LNXSYSTM:00/LNXPWRBN:00/input/input0
[   15.738858] ACPI: Power Button [PWRF]
[   15.739626] input: Sleep Button as /devices/LNXSYSTM:00/LNXSLPBN:00/input/input1
[   15.740999] ACPI: Sleep Button [SLPF]
[   15.741900] GHES: HEST is not enabled!
[   15.742736] Serial: 8250/16550 driver, 32 ports, IRQ sharing enabled
[   15.765454] 00:02: ttyS0 at I/O 0x3f8 (irq = 4, base_baud = 115200) is a 16550A
[   15.779992] Linux agpgart interface v0.103
[   15.782320] loop: module loaded
[   15.815273] scsi host0: ata_piix
[   15.849236] scsi host1: ata_piix
[   15.873631] ata1: PATA max UDMA/33 cmd 0x1f0 ctl 0x3f6 bmdma 0xd000 irq 14
[   15.874772] ata2: PATA max UDMA/33 cmd 0x170 ctl 0x376 bmdma 0xd008 irq 15
[   15.875988] libphy: Fixed MDIO Bus: probed
[   15.876808] tun: Universal TUN/TAP device driver, 1.6
[   15.884696] tun: (C) 1999-2004 Max Krasnyansky <maxk@qualcomm.com>
[   15.924621] PPP generic driver version 2.4.2
[   15.925455] ehci_hcd: USB 2.0 'Enhanced' Host Controller (EHCI) Driver
[   15.926552] ehci-pci: EHCI PCI platform driver
[   15.927386] ehci-platform: EHCI generic platform driver
[   15.928307] ohci_hcd: USB 1.1 'Open' Host Controller (OHCI) Driver
[   15.955157] ohci-pci: OHCI PCI platform driver
[   15.955984] ohci-platform: OHCI generic platform driver
[   15.956912] uhci_hcd: USB Universal Host Controller Interface driver
[   15.973535] i8042: PNP: PS/2 Controller [PNP0303:PS2K,PNP0f03:PS2M] at 0x60,0x64 irq 1,12
[   15.975391] serio: i8042 KBD port at 0x60,0x64 irq 1
[   15.976308] serio: i8042 AUX port at 0x60,0x64 irq 12
[   15.977275] mousedev: PS/2 mouse device common for all mice
[   15.988173] input: AT Translated Set 2 keyboard as /devices/platform/i8042/serio0/input/input2
[   15.989989] rtc_cmos rtc_cmos: rtc core: registered rtc_cmos as rtc0
[   15.991095] rtc_cmos rtc_cmos: alarms up to one day, 114 bytes nvram
[   15.992550] i2c /dev entries driver
[   16.017860] device-mapper: uevent: version 1.0.3
[   16.018779] device-mapper: ioctl: 4.34.0-ioctl (2015-10-28) initialised: dm-devel@redhat.com
[   16.025973] ledtrig-cpu: registered to indicate activity on CPUs
[   16.087998] NET: Registered protocol family 10
[   16.118628] NET: Registered protocol family 17
[   16.128668] Key type dns_resolver registered
[   16.134355] microcode: CPU0 sig=0x806e9, pf=0x8, revision=0x0
[   16.173733] microcode: CPU1 sig=0x806e9, pf=0x8, revision=0x0
[   16.174781] microcode: Microcode Update Driver: v2.01 <tigran@aivazian.fsnet.co.uk>, Peter Oruba
[   16.220680] registered taskstats version 1
[   16.221470] Loading compiled-in X.509 certificates
[   16.222786] Loaded X.509 cert 'Build time autogenerated kernel key: d1010f9627fd9242df4b03365d2931dfd1ad3d42'
[   16.298807] zswap: loaded using pool lzo/zbud
[   16.373183] Key type trusted registered
[   16.458860] Key type encrypted registered
[   16.459829] tsc: Refined TSC clocksource calibration: 2304.463 MHz
[   16.459831] clocksource: tsc: mask: 0xffffffffffffffff max_cycles: 0x2137ad2e39c, max_idle_ns: 440795281800 ns
[   16.600880] AppArmor: AppArmor sha1 policy hashing enabled
[   16.602182] ima: No TPM chip found, activating TPM-bypass!
[   16.603150] evm: HMAC attrs: 0x1
[   16.620191]   Magic number: 5:401:823
[   16.729046] rtc_cmos rtc_cmos: setting system clock to 2017-10-26 06:50:57 UTC (1509000657)
[   16.752617] BIOS EDD facility v0.16 2004-Jun-25, 0 devices found
[   16.800035] EDD information not available.
[   16.801839] Freeing unused kernel memory: 1492K
[   16.848598] Write protecting the kernel read-only data: 14336k
[   16.872885] Freeing unused kernel memory: 1748K
[   16.873984] Freeing unused kernel memory: 112K
Loading, please [   16.883841] random: systemd-udevd: uninitialized urandom read (16 bytes read, 3 bits of entropy available)
wait...
startin[   16.884312] random: udevadm: uninitialized urandom read (16 bytes read, 3 bits of entropy available)
g version 229
[   16.884339] random: udevadm: uninitialized urandom read (16 bytes read, 3 bits of entropy available)
[   16.884421] random: udevadm: uninitialized urandom read (16 bytes read, 3 bits of entropy available)
[   16.884460] random: udevadm: uninitialized urandom read (16 bytes read, 3 bits of entropy available)
[   16.884489] random: udevadm: uninitialized urandom read (16 bytes read, 3 bits of entropy available)
[   16.884517] random: udevadm: uninitialized urandom read (16 bytes read, 3 bits of entropy available)
[   16.884547] random: udevadm: uninitialized urandom read (16 bytes read, 3 bits of entropy available)
[   16.884574] random: udevadm: uninitialized urandom read (16 bytes read, 3 bits of entropy available)
[   16.884600] random: udevadm: uninitialized urandom read (16 bytes read, 3 bits of entropy available)
[   17.219086] e1000: Intel(R) PRO/1000 Network Driver - version 7.3.21-k8-NAPI
[   17.260556] e1000: Copyright (c) 1999-2006 Intel Corporation.
[   17.306447] AVX version of gcm_enc/dec engaged.
[   17.307930] Fusion MPT base driver 3.04.20
[   17.307930] Copyright (c) 1999-2008 LSI Corporation
[   17.318368] AES CTR mode by8 optimization enabled
[   17.321971] Fusion MPT SPI Host driver 3.04.20
[   17.501525] input: ImExPS/2 Generic Explorer Mouse as /devices/platform/i8042/serio1/input/input4
[   17.714303] e1000 0000:00:03.0 eth0: (PCI:33MHz:32-bit) 02:14:68:3e:84:47
[   17.958213] e1000 0000:00:03.0 eth0: Intel(R) PRO/1000 Network Connection
[   18.478599] e1000 0000:00:08.0 eth1: (PCI:33MHz:32-bit) 08:00:27:17:4d:1e
[   18.812753] e1000 0000:00:08.0 eth1: Intel(R) PRO/1000 Network Connection
[   19.019177] mptbase: ioc0: Initiating bringup
[   19.019490] e1000 0000:00:03.0 enp0s3: renamed from eth0
[   19.124169] e1000 0000:00:08.0 enp0s8: renamed from eth1
[   19.251619] ioc0: LSI53C1030 A0: Capabilities={Initiator}
[   19.536445] scsi host2: ioc0: LSI53C1030 A0, FwRev=00000000h, Ports=1, MaxQ=256, IRQ=20
[   19.745214] scsi 2:0:0:0: Direct-Access     VBOX     HARDDISK         1.0  PQ: 0 ANSI: 5
[   19.839393] scsi target2:0:0: Beginning Domain Validation
[   19.905729] scsi target2:0:0: Domain Validation skipping write tests
[   19.961022] scsi target2:0:0: Ending Domain Validation
[   20.014610] scsi target2:0:0: asynchronous
[   20.093581] scsi 2:0:1:0: Direct-Access     VBOX     HARDDISK         1.0  PQ: 0 ANSI: 5
[   20.260538] scsi target2:0:1: Beginning Domain Validation
[   20.363894] floppy0: no floppy controllers found
[   20.427754] scsi target2:0:1: Domain Validation skipping write tests
[   20.477525] scsi target2:0:1: Ending Domain Validation
[   20.491829] scsi target2:0:1: asynchronous
[   20.507859] sd 2:0:0:0: Attached scsi generic sg0 type 0
[   20.520075] sd 2:0:0:0: [sda] 20971520 512-byte logical blocks: (10.7 GB/10.0 GiB)
[   20.521838] sd 2:0:0:0: [sda] Write Protect is off
[   20.529884] sd 2:0:1:0: [sdb] 20480 512-byte logical blocks: (10.5 MB/10.0 MiB)
[   20.788576] sd 2:0:1:0: Attached scsi generic sg1 type 0
[   20.791793] sd 2:0:0:0: [sda] Incomplete mode parameter data
[   20.791794] sd 2:0:0:0: [sda] Assuming drive cache: write through
[   20.791939] sd 2:0:1:0: [sdb] Write Protect is off
[   20.792012] sd 2:0:1:0: [sdb] Incomplete mode parameter data
[   20.792013] sd 2:0:1:0: [sdb] Assuming drive cache: write through
[   20.796415]  sda: sda1
[   20.796808] sd 2:0:0:0: [sda] Attached SCSI disk
[   20.797093] sd 2:0:1:0: [sdb] Attached SCSI disk
Begin: Loading e[   22.905851] md: linear personality registered for level -1
ssential drivers[   22.965581] md: multipath personality registered for level -4
 ... [   23.033948] md: raid0 personality registered for level 0
[   23.105689] md: raid1 personality registered for level 1
[   23.377093] raid6: sse2x1   gen() 10863 MB/s
[   23.615631] raid6: sse2x1   xor()  6685 MB/s
[   23.739207] raid6: sse2x2   gen() 11090 MB/s
[   23.819483] raid6: sse2x2   xor()  6571 MB/s
[   23.931351] raid6: sse2x4   gen() 14494 MB/s
[   24.067831] raid6: sse2x4   xor() 10505 MB/s
[   24.192490] raid6: using algorithm sse2x4 gen() 14494 MB/s
[   24.219741] raid6: .... xor() 10505 MB/s, rmw enabled
[   24.220637] raid6: using ssse3x2 recovery algorithm
[   24.222779] xor: automatically using best checksumming function:
[   24.315631]    avx       : 23523.000 MB/sec
[   24.362263] async_tx: api initialized (async)
[   24.439327] md: raid6 personality registered for level 6
[   24.488104] md: raid5 personality registered for level 5
[   24.523606] md: raid4 personality registered for level 4
[   24.686430] md: raid10 personality registered for level 10
done.
Begin: Running /scripts/init-premount ... done.
Begin: Mounting root file system ... Begin: Running /scripts/local-top ... done.
Begin: Running /scripts/local-premount ... [   24.761671] Btrfs loaded
Scanning for Btrfs filesystems
done.
Warning: fsck no[   24.822503] EXT4-fs (sda1): INFO: recovery required on readonly filesystem
t present, so sk[   24.853035] EXT4-fs (sda1): write access will be enabled during recovery
ipping root file system
[   25.076187] EXT4-fs (sda1): orphan cleanup on readonly fs
[   25.078338] EXT4-fs (sda1): 2 orphan inodes deleted
[   25.079063] EXT4-fs (sda1): recovery complete
[   25.080153] EXT4-fs (sda1): mounted filesystem with ordered data mode. Opts: (null)
done.
Begin: Running /scripts/local-bottom ... done.
Begin: Running /scripts/init-bottom ... done.
[   25.506512] random: nonblocking pool is initialized
[   26.085797] systemd[1]: systemd 229 running in system mode. (+PAM +AUDIT +SELINUX +IMA +APPARMOR +SMACK +SYSVINIT +UTMP +LIBCRYPTSETUP +GCRYPT +GNUTLS +ACL +XZ -LZ4 +SECCOMP +BLKID +ELFUTILS +KMOD -IDN)
[   26.436643] systemd[1]: Detected virtualization oracle.
[   26.527720] systemd[1]: Detected architecture x86-64.

Welcome to [1mUbuntu 16.04.3 LTS[0m!

[   26.748211] systemd[1]: Set hostname to <ubuntu-xenial>.
[   28.049611] systemd[1]: Listening on Journal Socket.
[[0;32m  OK  [0m] Listening on Journal Socket.
[   28.130707] systemd[1]: Started Trigger resolvconf update for networkd DNS.
[[0;32m  OK  [0m] Started Trigger resolvconf update for networkd DNS.
[   28.339493] systemd[1]: Listening on Journal Socket (/dev/log).
[[0;32m  OK  [0m] Listening on Journal Socket (/dev/log).
[   28.444084] systemd[1]: Created slice User and Session Slice.
[[0;32m  OK  [0m] Created slice User and Session Slice.
[   28.507773] systemd[1]: Reached target Encrypted Volumes.
[[0;32m  OK  [0m] Reached target Encrypted Volumes.
[   28.656007] systemd[1]: Listening on /dev/initctl Compatibility Named Pipe.
[[0;32m  OK  [0m] Listening on /dev/initctl Compatibility Named Pipe.
[   28.871965] systemd[1]: Reached target Swap.
[[0;32m  OK  [0m] Reached target Swap.
[   29.007637] systemd[1]: Listening on udev Control Socket.
[[0;32m  OK  [0m] Listening on udev Control Socket.
[   29.143511] systemd[1]: Listening on Journal Audit Socket.
[[0;32m  OK  [0m] Listening on Journal Audit Socket.
[   29.319753] systemd[1]: Listening on LVM2 poll daemon socket.
[[0;32m  OK  [0m] Listening on LVM2 poll daemon socket.
[   29.492195] systemd[1]: Listening on Syslog Socket.
[[0;32m  OK  [0m] Listening on Syslog Socket.
[   29.591645] systemd[1]: Started Forward Password Requests to Wall Directory Watch.
[[0;32m  OK  [0m] Started Forward Password Requests to Wall Directory Watch.
[   29.809105] systemd[1]: Listening on LVM2 metadata daemon socket.
[[0;32m  OK  [0m] Listening on LVM2 metadata daemon socket.
[   29.811372] systemd[1]: Listening on udev Kernel Socket.
[[0;32m  OK  [0m] Listening on udev Kernel Socket.
[   29.827819] systemd[1]: Listening on Device-mapper event daemon FIFOs.
[[0;32m  OK  [0m] Listening on Device-mapper event daemon FIFOs.
[   30.015726] systemd[1]: Created slice System Slice.
[[0;32m  OK  [0m] Created slice System Slice.
[   30.135625] systemd[1]: Starting Set console keymap...
         Starting Set console keymap...
[   30.141558] systemd[1]: Starting Monitoring of LVM2 mirrors, snapshots etc. using dmeventd or progress polling...
         Starting Monitoring of LVM2 mirrors... dmeventd or progress polling...
[   30.149674] systemd[1]: Starting Remount Root and Kernel File Systems...
         Starting Remount Root and Kernel File Systems...
[   30.152623] systemd[1]: Mounting Huge Pages File System...
         Mounting Huge Pages File System...
[   30.182746] systemd[1]: Starting Create list of required static device nodes for the current kernel...
         Starting Create list of required st... nodes for the current kernel...
[   30.299719] systemd[1]: Starting Uncomplicated firewall...
         Starting Uncomplicated firewall...
[   30.399767] systemd[1]: Starting Nameserver information manager...
         Starting Nameserver information manager...
[   30.635406] systemd[1]: Starting Load Kernel Modules...
         Starting Load Kernel Modules...
[   30.675973] systemd[1]: Starting Journal Service...
         Starting Journal Service...
[   30.723455] systemd[1]: Reached target Slices.
[   30.724687] EXT4-fs (sda1): re-mounted. Opts: (null)
[[0;32m  OK  [0m] Reached target Slices.
[   30.769323] systemd[1]: Set up automount Arbitrary Executable File Formats File System Automount Point.
[[0;32m  OK  [0m] Set up automount Arbitrary Executab...ats Fi[   30.895410] Loading iSCSI transport class v2.0-870.
le System Automount Point.
[   31.046175] systemd[1]: Reached target User and Group Name Lookups.
[[0;32m  OK  [0m] Reached target User and Grou[   31.114878] iscsi: registered transport (tcp)
p Name Lookups.
[   31.223613] systemd[1]: Created slice system-serial\x2dgetty.slice.
[[0;32m  OK  [0m] Created slice system-serial\x2dgetty.slice.
[   31.359251] systemd[1]: Mounting Debug File System...
         Mounting Debug File System...
[   31.419595] systemd[1]: Mounting POSIX Message Queue File System...
         Mountin[   31.436075] iscsi: registered transport (iser)
g POSIX Message Queue File System...
[   31.547803] systemd[1]: Mounted Debug File System.
[[0;32m  OK  [0m] Mounted Debug File System.
[   31.747368] systemd[1]: Mounted Huge Pages File System.
[[0;32m  OK  [0m] Mounted Huge Pages File System.
[   31.761630] systemd[1]: Mounted POSIX Message Queue File System.
[[0;32m  OK  [0m] Mounted POSIX Message Queue File System.
[   31.792543] systemd[1]: Started Journal Service.
[[0;32m  OK  [0m] Started Journal Service.
[[0;32m  OK  [0m] Started Set console keymap.
[[0;32m  OK  [0m] Started Remount Root and Kernel File Systems.
[[0;32m  OK  [0m] Started Create list of required sta...ce nodes for the current kernel.
[[0;32m  OK  [0m] Started Uncomplicated firewall.
[[0;32m  OK  [0m] Started Load Kernel Modules.
[[0;32m  OK  [0m] Started Nameserver information manager.
[[0;32m  OK  [0m] Started LVM2 metadata daemon.
         Mounting FUSE Control File System...
         Starting Apply Kernel Variables...
         Starting Create Static Device Nodes in /dev...
         Starting Load/Save Random Seed...
         Starting udev Coldplug all Devices...
         Starting Initial cloud-init job (pre-networking)...
         Starting Flush Journal to Persistent Storage...
[[0;32m  OK  [0m] Mounted FUSE Control File System.
[[0;32m  OK  [0m] Started Apply Kernel Variables.
[[0;32m  OK  [0m] Started Load/Save Random Seed.
[[0;32m  OK  [0m] Started udev Coldplug all Devices.
[[0;32m  OK  [0m] Started Flush Journal to Persistent Storage.
[[0;32m  OK  [0m] Started Monitoring of LVM2 mirrors,...ng dmeventd or progress polling.
[[0;32m  OK  [0m] Started Create Static Device Nodes in /dev.
         Starting udev Kernel Device Manager...
[[0;32m  OK  [0m] Started udev Kernel Device Manager.
[[0;32m  OK  [0m] Reached target Local File Systems (Pre).
[[0;32m  OK  [0m] Reached target Local File Systems.
         Starting LSB: AppArmor initialization...
         Starting Tell Plymouth To Write Out Runtime Data...
         Starting Set console font and keymap...
         Starting Create Volatile Files and Directories...
[[0;32m  OK  [0m] Started Dispatch Password Requests to Console Directory Watch.
[[0;32m  OK  [0m] Started Tell Plymouth To Write Out Runtime Data.
[[0;32m  OK  [0m] Started Create Volatile Files and Directories.
[[0;32m  OK  [0m] Reached target System Time Synchronized.
         Starting Update UTMP about System Boot/Shutdown...
[[0;32m  OK  [0m] Found device /dev/ttyS0.
[[0;32m  OK  [0m] Started Update UTMP about System Boot/Shutdown.
[[0;32m  OK  [0m] Found device 82540EM Gigabit Ethern...r (PRO/1000 MT Desktop Adapter).
[[0;32m  OK  [0m] Found device 82540EM Gigabit Ethern...r (PRO/1000 MT Desktop Adapter).
[[0;32m  OK  [0m] Started Set console font and keymap.
[[0;32m  OK  [0m] Created slice system-getty.slice.
[[0;32m  OK  [0m] Listening on Load/Save RF Kill Switch Status /dev/rfkill Watch.
[[0;32m  OK  [0m] Started LSB: AppArmor initialization.
[   27.775566] cloud-init[452]: Cloud-init v. 0.7.9 running 'init-local' at Thu, 26 Oct 2017 06:51:19 +0000. Up 27.29 seconds.
[[0;32m  OK  [0m] Started Initial cloud-init job (pre-networking).
[[0;32m  OK  [0m] Reached target Network (Pre).
[[0;32m  OK  [0m] Started ifup for enp0s8.
         Starting Raise network interfaces...
[[0;32m  OK  [0m] Started ifup for enp0s3.
[[0;32m  OK  [0m] Started Raise network interfaces.
         Starting Initial cloud-init job (metadata service crawler)...
[[0;32m  OK  [0m] Reached target Network.
[   29.516057] cloud-init[1058]: Cloud-init v. 0.7.9 running 'init' at Thu, 26 Oct 2017 06:51:21 +0000. Up 28.65 seconds.
[   29.524071] cloud-init[1058]: ci-info: ++++++++++++++++++++++++++++++++++++++Net device info++++++++++++++++++++++++++++++++++++++
[   29.545684] cloud-init[1058]: ci-info: +--------+------+-----------------------------+---------------+-------+-------------------+
[   29.660776] cloud-init[1058]: ci-info: | Device |  Up  |           Address           |      Mask     | Scope |     Hw-Address    |
[   29.804574] cloud-init[1058]: ci-info: +--------+------+-----------------------------+---------------+-------+-------------------+
[[0;32m  OK  [0m] Started Initial cloud-init job (metadata service crawler).
[[   29.927708] cloud-init[1058]: ci-info: | enp0s3 | True |          10.0.2.15          | 255.255.255.0 |   .   | 02:14:68:3e:84:47 |
[   30.022134] cloud-init[1058]: ci-info: | enp0s3 | True |  fe80::14:68ff:fe3e:8447/64 |       .       |  link | 02:14:68:3e:84:47 |
[   30.022261] cloud-init[1058]: ci-info: | enp0s8 | True |        192.168.33.40        | 255.255.255.0 |   .   | 08:00:27:17:4d:1e |
[   30.022404] cloud-init[1058]: ci-info: | enp0s8 | True | fe80::a00:27ff:fe17:4d1e/64 |       .       |  link | 08:00:27:17:4d:1e |
[   30.022556] cloud-init[1058]: ci-info: |   lo   | True |          127.0.0.1          |   255.0.0.0   |   .   |         .         |
[   30.022708] cloud-init[1058]: ci-info: |   lo   | True |           ::1/128           |       .       |  host |         .         |
[   30.022859] cloud-init[1058]: ci-info: +--------+------+-----------------------------+---------------+-------+-------------------+
[   30.023010] cloud-init[1058]: ci-info: ++++++++++++++++++++++++++++Route IPv4 info++++++++++++++++++++++++++++
[   30.023161] cloud-init[1058]: ci-info: +-------+--------------+----------+---------------+-----------+-------+
[   30.023313] cloud-init[1058]: ci-info: | Route | Destination  | Gateway  |    Genmask    | Interface | Flags |
[   30.023464] cloud-init[1058]: ci-info: +-------+--------------+----------+---------------+-----------+-------+
[   30.023614] cloud-init[1058]: ci-info: |   0   |   0.0.0.0    | 10.0.2.2 |    0.0.0.0    |   enp0s3  |   UG  |
[   30.023764] cloud-init[1058]: ci-info: |   1   |   10.0.2.0   | 0.0.0.0  | 255.255.255.0 |   enp0s3  |   U   |
[   30.023914] cloud-init[1058]: ci-info: |   2   | 192.168.33.0 | 0.0.0.0  | 255.255.255.0 |   enp0s8  |   U   |
[   30.024230] cloud-init[1058]: ci-info: +-------+--------------+----------+---------------+-----------+-------+
[0;32m  OK  [0m] Reached target Network is Online.
         Starting iSCSI initiator daemon (iscsid)...
[[0;32m  OK  [0m] Reached target System Initialization.
[[0;32m  OK  [0m] Listening on D-Bus System Message Bus Socket.
         Starting LXD - unix socket.
[[0;32m  OK  [0m] Listening on ACPID Listen Socket.
[[0;32m  OK  [0m] Started Daily apt download activities.
[[0;32m  OK  [0m] Started Daily apt upgrade and clean activities.
[[0;32m  OK  [0m] Started Timer to automatically fetch and run repair assertions.
[[0;32m  OK  [0m] Started ACPI Events Check.
[[0;32m  OK  [0m] Reached target Paths.
         Starting Socket activation for snappy daemon.
[[0;32m  OK  [0m] Started Daily Cleanup of Temporary Directories.
[[0;32m  OK  [0m] Started Timer to automatically refresh installed snaps.
[[0;32m  OK  [0m] Reached target Timers.
[[0;32m  OK  [0m] Listening on UUID daemon activation socket.
[[0;32m  OK  [0m] Reached target Cloud-config availability.
[[0;32m  OK  [0m] Listening on LXD - unix socket.
[[0;32m  OK  [0m] Listening on Socket activation for snappy daemon.
[[0;32m  OK  [0m] Started iSCSI initiator daemon (iscsid).
         Starting Login to default iSCSI targets...
[[0;32m  OK  [0m] Reached target Sockets.
[[0;32m  OK  [0m] Reached target Basic System.
         Starting Apply the settings specified in cloud-config...
[[0;32m  OK  [0m] Started D-Bus System Message Bus.
[[0;32m  OK  [0m] Started Regular background program processing daemon.
         Starting LSB: Record successful boot for GRUB...
         Starting Automatically fetch and run repair assertions...
         Starting Login Service...
[[0;32m  OK  [0m] Started Deferred execution scheduler.
[[0;32m  OK  [0m] Started Unattended Upgrades Shutdown.
         Starting Accounts Service...
[[0;32m  OK  [0m] Started FUSE filesystem for LXC.
         Starting System Logging Service...
         Starting LSB: MD monitoring daemon...
         Starting Snappy daemon...
         Starting The PHP 7.0 FastCGI Process Manager...
         Starting OpenBSD Secure Shell server...
         Starting /etc/rc.local Compatibility...
[[0;32m  OK  [0m] Started ACPI event daemon.
         Starting LXD - container startup/shutdown...
[[0;32m  OK  [0m] Started Automatically fetch and run repair assertions.
[[0;32m  OK  [0m] Started /etc/rc.local Compatibility.
[[0;32m  OK  [0m] Started Apply the settings specified in cloud-config.
[   32.449407] cloud-init[1116]: Cloud-init v. 0.7.9 running 'modules:config' at Thu, 26 Oct 2017 06:51:23 +0000. Up 31.41 seconds.
[[0;32m  OK  [0m] Started Login Service.
[[0;32m  OK  [0m] Started LSB: Record successful boot for GRUB.
[[0;32m  OK  [0m] Started System Logging Service.
[[0;32m  OK  [0m] Started Login to default iSCSI targets.
[[0;32m  OK  [0m] Started LSB: MD monitoring daemon.
[[0;32m  OK  [0m] Reached target Remote File Systems (Pre).
[[0;32m  OK  [0m] Reached target Remote File Systems.
         Starting LSB: Apache2 web server...
         Starting LSB: automatic crash report generation...
         Starting LSB: VirtualBox Linux Additions...
         Starting LSB: Set the CPU Frequency Scaling governor to "ondemand"...
         Starting LSB: daemon to balance interrupts for SMP systems...
         Starting Permit User Sessions...
[[0;32m  OK  [0m] Started LSB: Set the CPU Frequency Scaling governor to "ondemand".
[[0;32m  OK  [0m] Started Permit User Sessions.
         Starting Hold until boot process finishes up...
         Starting Terminate Plymouth Boot Screen...
[[0;32m  OK  [0m] Started Hold until boot process finishes up.
[[0;32m  OK  [0m] Started Terminate Plymouth Boot Screen.
[[0;32m  OK  [0m] Started Getty on tty1.
[[0;32m  OK  [0m] Started Serial Getty on ttyS0.
[[0;32m  OK  [0m] Reached target Login Prompts.
         Starting Set console scheme...
[[0;32m  OK  [0m] Started LSB: automatic crash report generation.
[[0;32m  OK  [0m] Started LSB: daemon to balance interrupts for SMP systems.
[[0;32m  OK  [0m] Started Set console scheme.
         Starting Authenticate and Authorize Users to Run Privileged Tasks...
[[0;32m  OK  [0m] Started OpenBSD Secure Shell server.
[[0;32m  OK  [0m] Started LSB: VirtualBox Linux Additions.
[[0;32m  OK  [0m] Started Authenticate and Authorize Users to Run Privileged Tasks.
[[0;32m  OK  [0m] Started Accounts Service.
[[0;32m  OK  [0m] Created slice User Slice of ubuntu.
         Starting User Manager for UID 1000...
[[0;32m  OK  [0m] Started Session 1 of user ubuntu.
[[0;32m  OK  [0m] Started User Manager for UID 1000.

Ubuntu 16.04.3 LTS ubuntu-xenial ttyS0

ubuntu-xenial login: [   41.610064] cloud-init[1435]: Cloud-init v. 0.7.9 running 'modules:final' at Thu, 26 Oct 2017 06:51:33 +0000. Up 41.29 seconds.
[   41.610379] cloud-init[1435]: Cloud-init v. 0.7.9 finished at Thu, 26 Oct 2017 06:51:34 +0000. Datasource DataSourceNoCloud [seed=/dev/sdb][dsmode=net].  Up 41.60 seconds
